[05-01-11-11-09][INFO] (org.apache.shiro.cache.ehcache.EhCacheManager:getCache) - Cache with name 'cn.kc.graduation.wms.security.realms.UserAuthorizingRealm.authorizationCache' does not yet exist.  Creating now.
 [05-01-11-11-09][INFO] (org.apache.shiro.cache.ehcache.EhCacheManager:getCache) - Added EhCache named [cn.kc.graduation.wms.security.realms.UserAuthorizingRealm.authorizationCache]
 [05-01-11-11-09][INFO] (org.apache.shiro.cache.ehcache.EhCacheManager:getCache) - Using existing EHCache named [sessionCache]
 [05-01-11-12-40][INFO] (org.apache.shiro.session.mgt.AbstractValidatingSessionManager:enableSessionValidation) - Enabling session validation scheduler...
 [05-01-11-12-40][INFO] (org.apache.shiro.cache.ehcache.EhCacheManager:getCache) - Using existing EHCache named [sessionCache]
 [05-01-11-57-00][INFO] (org.apache.shiro.cache.ehcache.EhCacheManager:getCache) - Cache with name 'cn.kc.graduation.wms.security.realms.UserAuthorizingRealm.authorizationCache' does not yet exist.  Creating now.
 [05-01-11-57-00][INFO] (org.apache.shiro.cache.ehcache.EhCacheManager:getCache) - Added EhCache named [cn.kc.graduation.wms.security.realms.UserAuthorizingRealm.authorizationCache]
 [05-01-11-57-01][INFO] (org.apache.shiro.cache.ehcache.EhCacheManager:getCache) - Using existing EHCache named [sessionCache]
 [05-01-11-58-17][INFO] (org.apache.shiro.session.mgt.AbstractValidatingSessionManager:enableSessionValidation) - Enabling session validation scheduler...
 [05-01-11-58-17][INFO] (org.apache.shiro.cache.ehcache.EhCacheManager:getCache) - Using existing EHCache named [sessionCache]
 [05-01-12-11-01][INFO] (org.apache.shiro.cache.ehcache.EhCacheManager:getCache) - Cache with name 'cn.kc.graduation.wms.security.realms.UserAuthorizingRealm.authorizationCache' does not yet exist.  Creating now.
 [05-01-12-11-01][INFO] (org.apache.shiro.cache.ehcache.EhCacheManager:getCache) - Added EhCache named [cn.kc.graduation.wms.security.realms.UserAuthorizingRealm.authorizationCache]
 [05-01-12-11-01][INFO] (org.apache.shiro.cache.ehcache.EhCacheManager:getCache) - Using existing EHCache named [sessionCache]
 [05-01-12-11-51][INFO] (org.apache.shiro.session.mgt.AbstractValidatingSessionManager:enableSessionValidation) - Enabling session validation scheduler...
 [05-01-12-11-51][INFO] (org.apache.shiro.cache.ehcache.EhCacheManager:getCache) - Using existing EHCache named [sessionCache]
 [05-01-23-04-39][INFO] (org.apache.shiro.cache.ehcache.EhCacheManager:getCache) - Cache with name 'cn.kc.graduation.wms.security.realms.UserAuthorizingRealm.authorizationCache' does not yet exist.  Creating now.
 [05-01-23-04-39][INFO] (org.apache.shiro.cache.ehcache.EhCacheManager:getCache) - Added EhCache named [cn.kc.graduation.wms.security.realms.UserAuthorizingRealm.authorizationCache]
 [05-01-23-04-39][INFO] (org.apache.shiro.cache.ehcache.EhCacheManager:getCache) - Using existing EHCache named [sessionCache]
 [05-01-23-05-02][INFO] (org.apache.shiro.session.mgt.AbstractValidatingSessionManager:enableSessionValidation) - Enabling session validation scheduler...
 [05-01-23-05-02][INFO] (org.apache.shiro.cache.ehcache.EhCacheManager:getCache) - Using existing EHCache named [sessionCache]
 